=== Model A: exp1_full ===
=== Model B: exp3_10x ===

Saved → results/char_errors_exp1_vs_exp3.csv

Char     Count   A CER%   B CER%      Δ
-------------------------------------------------------
'#'          5    100.0%     60.0%  -40.0%
'6'         15     60.0%     46.7%  -13.3%
':'         29     55.2%     41.4%  -13.8%
'K'         19     52.6%     42.1%  -10.5%
'4'         16     50.0%     50.0%   +0.0%
'1'         70     42.9%     41.4%   -1.4%
'5'         12     41.7%     41.7%   +0.0%
';'         60     41.7%     21.7%  -20.0%
'!'         47     38.3%     25.5%  -12.8%
'0'         34     38.2%     26.5%  -11.8%
'U'         11     36.4%     18.2%  -18.2%
'R'         67     35.8%     20.9%  -14.9%
'z'         45     35.6%     40.0%   +4.4%
'O'         61     34.4%     31.1%   -3.3%
'2'         32     34.4%     25.0%   -9.4%
'L'        123     33.3%     24.4%   -8.9%
'S'        241     32.8%     27.0%   -5.8%
'('         49     32.6%     28.6%   -4.1%
'3'         28     32.1%     25.0%   -7.1%
'W'        122     32.0%     20.5%  -11.5%
"'"        429     31.5%     31.9%   +0.5%
'J'         65     30.8%     29.2%   -1.5%
'V'         24     29.2%     29.2%   +0.0%
'F'         84     28.6%     20.2%   -8.3%
'"'        576     27.1%     17.9%   -9.2%
'k'        726     25.5%     20.0%   -5.5%
'D'         92     25.0%     26.1%   +1.1%
'Y'         61     24.6%     21.3%   -3.3%

Overall A CER: 8.4265%
Overall B CER: 7.5214%
Saved → results/char_errors_exp1_vs_exp3.json
